ERROR - 2023-12-18 04:48:53 --> mysqli_sql_exception: Table 'angular_projects.package' doesn't exist in F:\XAMPP\htdocs\code_ignet\system\Database\MySQLi\Connection.php:306
Stack trace:
#0 F:\XAMPP\htdocs\code_ignet\system\Database\MySQLi\Connection.php(306): mysqli->query('SELECT *\nFROM `...', 0)
#1 F:\XAMPP\htdocs\code_ignet\system\Database\BaseConnection.php(693): CodeIgniter\Database\MySQLi\Connection->execute('SELECT *\nFROM `...')
#2 F:\XAMPP\htdocs\code_ignet\system\Database\BaseConnection.php(607): CodeIgniter\Database\BaseConnection->simpleQuery('SELECT *\nFROM `...')
#3 F:\XAMPP\htdocs\code_ignet\system\Database\BaseBuilder.php(1615): CodeIgniter\Database\BaseConnection->query('SELECT *\nFROM `...', Array, false)
#4 F:\XAMPP\htdocs\code_ignet\system\Model.php(237): CodeIgniter\Database\BaseBuilder->get()
#5 F:\XAMPP\htdocs\code_ignet\system\BaseModel.php(624): CodeIgniter\Model->doFindAll(0, 0)
#6 F:\XAMPP\htdocs\code_ignet\app\Controllers\PackageController.php(17): CodeIgniter\BaseModel->findAll()
#7 F:\XAMPP\htdocs\code_ignet\system\CodeIgniter.php(942): App\Controllers\PackageController->index()
#8 F:\XAMPP\htdocs\code_ignet\system\CodeIgniter.php(502): CodeIgniter\CodeIgniter->runController(Object(App\Controllers\PackageController))
#9 F:\XAMPP\htdocs\code_ignet\system\CodeIgniter.php(361): CodeIgniter\CodeIgniter->handleRequest(NULL, Object(Config\Cache), false)
#10 F:\XAMPP\htdocs\code_ignet\public\index.php(79): CodeIgniter\CodeIgniter->run()
#11 F:\XAMPP\htdocs\code_ignet\system\Commands\Server\rewrite.php(47): require_once('F:\\XAMPP\\htdocs...')
#12 {main}
CRITICAL - 2023-12-18 04:48:53 --> Table 'angular_projects.package' doesn't exist
in SYSTEMPATH\Database\BaseConnection.php on line 647.
 1 SYSTEMPATH\Database\BaseBuilder.php(1615): CodeIgniter\Database\BaseConnection->query('SELECT *
FROM `package`', [], false)
 2 SYSTEMPATH\Model.php(237): CodeIgniter\Database\BaseBuilder->get()
 3 SYSTEMPATH\BaseModel.php(624): CodeIgniter\Model->doFindAll(0, 0)
 4 APPPATH\Controllers\PackageController.php(17): CodeIgniter\BaseModel->findAll()
 5 SYSTEMPATH\CodeIgniter.php(942): App\Controllers\PackageController->index()
 6 SYSTEMPATH\CodeIgniter.php(502): CodeIgniter\CodeIgniter->runController(Object(App\Controllers\PackageController))
 7 SYSTEMPATH\CodeIgniter.php(361): CodeIgniter\CodeIgniter->handleRequest(null, Object(Config\Cache), false)
 8 FCPATH\index.php(79): CodeIgniter\CodeIgniter->run()
 9 SYSTEMPATH\Commands\Server\rewrite.php(47): require_once('F:\\XAMPP\\htdocs\\code_ignet\\public\\index.php')
ERROR - 2023-12-18 04:52:03 --> mysqli_sql_exception: Table 'event_ci.package' doesn't exist in F:\XAMPP\htdocs\code_ignet\system\Database\MySQLi\Connection.php:306
Stack trace:
#0 F:\XAMPP\htdocs\code_ignet\system\Database\MySQLi\Connection.php(306): mysqli->query('SELECT *\nFROM `...', 0)
#1 F:\XAMPP\htdocs\code_ignet\system\Database\BaseConnection.php(693): CodeIgniter\Database\MySQLi\Connection->execute('SELECT *\nFROM `...')
#2 F:\XAMPP\htdocs\code_ignet\system\Database\BaseConnection.php(607): CodeIgniter\Database\BaseConnection->simpleQuery('SELECT *\nFROM `...')
#3 F:\XAMPP\htdocs\code_ignet\system\Database\BaseBuilder.php(1615): CodeIgniter\Database\BaseConnection->query('SELECT *\nFROM `...', Array, false)
#4 F:\XAMPP\htdocs\code_ignet\system\Model.php(237): CodeIgniter\Database\BaseBuilder->get()
#5 F:\XAMPP\htdocs\code_ignet\system\BaseModel.php(624): CodeIgniter\Model->doFindAll(0, 0)
#6 F:\XAMPP\htdocs\code_ignet\app\Controllers\PackageController.php(17): CodeIgniter\BaseModel->findAll()
#7 F:\XAMPP\htdocs\code_ignet\system\CodeIgniter.php(942): App\Controllers\PackageController->index()
#8 F:\XAMPP\htdocs\code_ignet\system\CodeIgniter.php(502): CodeIgniter\CodeIgniter->runController(Object(App\Controllers\PackageController))
#9 F:\XAMPP\htdocs\code_ignet\system\CodeIgniter.php(361): CodeIgniter\CodeIgniter->handleRequest(NULL, Object(Config\Cache), false)
#10 F:\XAMPP\htdocs\code_ignet\public\index.php(79): CodeIgniter\CodeIgniter->run()
#11 F:\XAMPP\htdocs\code_ignet\system\Commands\Server\rewrite.php(47): require_once('F:\\XAMPP\\htdocs...')
#12 {main}
CRITICAL - 2023-12-18 04:52:03 --> Table 'event_ci.package' doesn't exist
in SYSTEMPATH\Database\BaseConnection.php on line 647.
 1 SYSTEMPATH\Database\BaseBuilder.php(1615): CodeIgniter\Database\BaseConnection->query('SELECT *
FROM `package`', [], false)
 2 SYSTEMPATH\Model.php(237): CodeIgniter\Database\BaseBuilder->get()
 3 SYSTEMPATH\BaseModel.php(624): CodeIgniter\Model->doFindAll(0, 0)
 4 APPPATH\Controllers\PackageController.php(17): CodeIgniter\BaseModel->findAll()
 5 SYSTEMPATH\CodeIgniter.php(942): App\Controllers\PackageController->index()
 6 SYSTEMPATH\CodeIgniter.php(502): CodeIgniter\CodeIgniter->runController(Object(App\Controllers\PackageController))
 7 SYSTEMPATH\CodeIgniter.php(361): CodeIgniter\CodeIgniter->handleRequest(null, Object(Config\Cache), false)
 8 FCPATH\index.php(79): CodeIgniter\CodeIgniter->run()
 9 SYSTEMPATH\Commands\Server\rewrite.php(47): require_once('F:\\XAMPP\\htdocs\\code_ignet\\public\\index.php')
CRITICAL - 2023-12-18 05:50:20 --> syntax error, unexpected end of file
in APPPATH\Views\package\index.php on line 178.
 1 SYSTEMPATH\View\View.php(231): CodeIgniter\View\View->CodeIgniter\View\{closure}()
 2 SYSTEMPATH\Common.php(1190): CodeIgniter\View\View->render('package/index', [], true)
 3 APPPATH\Controllers\PackageController.php(19): view('package/index')
 4 SYSTEMPATH\CodeIgniter.php(942): App\Controllers\PackageController->index()
 5 SYSTEMPATH\CodeIgniter.php(502): CodeIgniter\CodeIgniter->runController(Object(App\Controllers\PackageController))
 6 SYSTEMPATH\CodeIgniter.php(361): CodeIgniter\CodeIgniter->handleRequest(null, Object(Config\Cache), false)
 7 FCPATH\index.php(79): CodeIgniter\CodeIgniter->run()
 8 SYSTEMPATH\Commands\Server\rewrite.php(47): require_once('F:\\XAMPP\\htdocs\\code_ignet\\public\\index.php')
CRITICAL - 2023-12-18 05:51:05 --> Undefined variable $items
in APPPATH\Views\package\index.php on line 99.
 1 APPPATH\Views\package\index.php(99): CodeIgniter\Debug\Exceptions->errorHandler(2, 'Undefined variable $items', 'F:\\XAMPP\\htdocs\\code_ignet\\app\\Views\\package\\index.php', 99)
 2 SYSTEMPATH\View\View.php(228): include('F:\\XAMPP\\htdocs\\code_ignet\\app\\Views\\package\\index.php')
 3 SYSTEMPATH\View\View.php(231): CodeIgniter\View\View->CodeIgniter\View\{closure}()
 4 SYSTEMPATH\Common.php(1190): CodeIgniter\View\View->render('package/index', [], true)
 5 APPPATH\Controllers\PackageController.php(19): view('package/index')
 6 SYSTEMPATH\CodeIgniter.php(942): App\Controllers\PackageController->index()
 7 SYSTEMPATH\CodeIgniter.php(502): CodeIgniter\CodeIgniter->runController(Object(App\Controllers\PackageController))
 8 SYSTEMPATH\CodeIgniter.php(361): CodeIgniter\CodeIgniter->handleRequest(null, Object(Config\Cache), false)
 9 FCPATH\index.php(79): CodeIgniter\CodeIgniter->run()
10 SYSTEMPATH\Commands\Server\rewrite.php(47): require_once('F:\\XAMPP\\htdocs\\code_ignet\\public\\index.php')
CRITICAL - 2023-12-18 05:51:34 --> Undefined variable $items
in APPPATH\Views\package\index.php on line 99.
 1 APPPATH\Views\package\index.php(99): CodeIgniter\Debug\Exceptions->errorHandler(2, 'Undefined variable $items', 'F:\\XAMPP\\htdocs\\code_ignet\\app\\Views\\package\\index.php', 99)
 2 SYSTEMPATH\View\View.php(228): include('F:\\XAMPP\\htdocs\\code_ignet\\app\\Views\\package\\index.php')
 3 SYSTEMPATH\View\View.php(231): CodeIgniter\View\View->CodeIgniter\View\{closure}()
 4 SYSTEMPATH\Common.php(1190): CodeIgniter\View\View->render('package/index', [], true)
 5 APPPATH\Controllers\PackageController.php(19): view('package/index')
 6 SYSTEMPATH\CodeIgniter.php(942): App\Controllers\PackageController->index()
 7 SYSTEMPATH\CodeIgniter.php(502): CodeIgniter\CodeIgniter->runController(Object(App\Controllers\PackageController))
 8 SYSTEMPATH\CodeIgniter.php(361): CodeIgniter\CodeIgniter->handleRequest(null, Object(Config\Cache), false)
 9 FCPATH\index.php(79): CodeIgniter\CodeIgniter->run()
10 SYSTEMPATH\Commands\Server\rewrite.php(47): require_once('F:\\XAMPP\\htdocs\\code_ignet\\public\\index.php')
CRITICAL - 2023-12-18 05:51:53 --> Undefined variable $items
in APPPATH\Views\package\index.php on line 99.
 1 APPPATH\Views\package\index.php(99): CodeIgniter\Debug\Exceptions->errorHandler(2, 'Undefined variable $items', 'F:\\XAMPP\\htdocs\\code_ignet\\app\\Views\\package\\index.php', 99)
 2 SYSTEMPATH\View\View.php(228): include('F:\\XAMPP\\htdocs\\code_ignet\\app\\Views\\package\\index.php')
 3 SYSTEMPATH\View\View.php(231): CodeIgniter\View\View->CodeIgniter\View\{closure}()
 4 SYSTEMPATH\Common.php(1190): CodeIgniter\View\View->render('package/index', [], true)
 5 APPPATH\Controllers\PackageController.php(19): view('package/index')
 6 SYSTEMPATH\CodeIgniter.php(942): App\Controllers\PackageController->index()
 7 SYSTEMPATH\CodeIgniter.php(502): CodeIgniter\CodeIgniter->runController(Object(App\Controllers\PackageController))
 8 SYSTEMPATH\CodeIgniter.php(361): CodeIgniter\CodeIgniter->handleRequest(null, Object(Config\Cache), false)
 9 FCPATH\index.php(79): CodeIgniter\CodeIgniter->run()
10 SYSTEMPATH\Commands\Server\rewrite.php(47): require_once('F:\\XAMPP\\htdocs\\code_ignet\\public\\index.php')
CRITICAL - 2023-12-18 05:52:49 --> Undefined array key "sub-title"
in APPPATH\Views\package\index.php on line 105.
 1 APPPATH\Views\package\index.php(105): CodeIgniter\Debug\Exceptions->errorHandler(2, 'Undefined array key "sub-title"', 'F:\\XAMPP\\htdocs\\code_ignet\\app\\Views\\package\\index.php', 105)
 2 SYSTEMPATH\View\View.php(228): include('F:\\XAMPP\\htdocs\\code_ignet\\app\\Views\\package\\index.php')
 3 SYSTEMPATH\View\View.php(231): CodeIgniter\View\View->CodeIgniter\View\{closure}()
 4 SYSTEMPATH\Common.php(1190): CodeIgniter\View\View->render('package/index', [], true)
 5 APPPATH\Controllers\PackageController.php(19): view('package/index', [...])
 6 SYSTEMPATH\CodeIgniter.php(942): App\Controllers\PackageController->index()
 7 SYSTEMPATH\CodeIgniter.php(502): CodeIgniter\CodeIgniter->runController(Object(App\Controllers\PackageController))
 8 SYSTEMPATH\CodeIgniter.php(361): CodeIgniter\CodeIgniter->handleRequest(null, Object(Config\Cache), false)
 9 FCPATH\index.php(79): CodeIgniter\CodeIgniter->run()
10 SYSTEMPATH\Commands\Server\rewrite.php(47): require_once('F:\\XAMPP\\htdocs\\code_ignet\\public\\index.php')
