CRITICAL - 2023-12-04 11:11:53 --> Invalid file: "includes/.php"
in SYSTEMPATH/Exceptions/FrameworkException.php on line 39.
 1 SYSTEMPATH/View/View.php(216): CodeIgniter\Exceptions\FrameworkException::forInvalidFile('includes/.php')
 2 SYSTEMPATH/View/View.php(469): CodeIgniter\View\View->render('includes/', null, true)
 3 APPPATH/Views/welcome_message.php(359): CodeIgniter\View\View->include('includes/')
 4 SYSTEMPATH/View/View.php(228): include('/Applications/XAMPP/xamppfiles/htdocs/ci_project/code_ignet/app/Views/welcome_message.php')
 5 SYSTEMPATH/View/View.php(231): CodeIgniter\View\View->CodeIgniter\View\{closure}()
 6 SYSTEMPATH/Common.php(1190): CodeIgniter\View\View->render('welcome_message', [], true)
 7 APPPATH/Controllers/Home.php(9): view('welcome_message')
 8 SYSTEMPATH/CodeIgniter.php(942): App\Controllers\Home->index()
 9 SYSTEMPATH/CodeIgniter.php(502): CodeIgniter\CodeIgniter->runController(Object(App\Controllers\Home))
10 SYSTEMPATH/CodeIgniter.php(361): CodeIgniter\CodeIgniter->handleRequest(null, Object(Config\Cache), false)
11 FCPATH/index.php(79): CodeIgniter\CodeIgniter->run()
12 SYSTEMPATH/Commands/Server/rewrite.php(47): require_once('/Applications/XAMPP/xamppfiles/htdocs/ci_project/code_ignet/public/index.php')
CRITICAL - 2023-12-04 11:12:03 --> Invalid file: ".php"
in SYSTEMPATH/Exceptions/FrameworkException.php on line 39.
 1 SYSTEMPATH/View/View.php(216): CodeIgniter\Exceptions\FrameworkException::forInvalidFile('.php')
 2 SYSTEMPATH/View/View.php(469): CodeIgniter\View\View->render('', null, true)
 3 APPPATH/Views/welcome_message.php(376): CodeIgniter\View\View->include('')
 4 SYSTEMPATH/View/View.php(228): include('/Applications/XAMPP/xamppfiles/htdocs/ci_project/code_ignet/app/Views/welcome_message.php')
 5 SYSTEMPATH/View/View.php(231): CodeIgniter\View\View->CodeIgniter\View\{closure}()
 6 SYSTEMPATH/Common.php(1190): CodeIgniter\View\View->render('welcome_message', [], true)
 7 APPPATH/Controllers/Home.php(9): view('welcome_message')
 8 SYSTEMPATH/CodeIgniter.php(942): App\Controllers\Home->index()
 9 SYSTEMPATH/CodeIgniter.php(502): CodeIgniter\CodeIgniter->runController(Object(App\Controllers\Home))
10 SYSTEMPATH/CodeIgniter.php(361): CodeIgniter\CodeIgniter->handleRequest(null, Object(Config\Cache), false)
11 FCPATH/index.php(79): CodeIgniter\CodeIgniter->run()
12 SYSTEMPATH/Commands/Server/rewrite.php(47): require_once('/Applications/XAMPP/xamppfiles/htdocs/ci_project/code_ignet/public/index.php')
CRITICAL - 2023-12-04 11:12:22 --> Invalid file: "includes/.php"
in SYSTEMPATH/Exceptions/FrameworkException.php on line 39.
 1 SYSTEMPATH/View/View.php(216): CodeIgniter\Exceptions\FrameworkException::forInvalidFile('includes/.php')
 2 SYSTEMPATH/View/View.php(469): CodeIgniter\View\View->render('includes/', null, true)
 3 APPPATH/Views/welcome_message.php(376): CodeIgniter\View\View->include('includes/')
 4 SYSTEMPATH/View/View.php(228): include('/Applications/XAMPP/xamppfiles/htdocs/ci_project/code_ignet/app/Views/welcome_message.php')
 5 SYSTEMPATH/View/View.php(231): CodeIgniter\View\View->CodeIgniter\View\{closure}()
 6 SYSTEMPATH/Common.php(1190): CodeIgniter\View\View->render('welcome_message', [], true)
 7 APPPATH/Controllers/Home.php(9): view('welcome_message')
 8 SYSTEMPATH/CodeIgniter.php(942): App\Controllers\Home->index()
 9 SYSTEMPATH/CodeIgniter.php(502): CodeIgniter\CodeIgniter->runController(Object(App\Controllers\Home))
10 SYSTEMPATH/CodeIgniter.php(361): CodeIgniter\CodeIgniter->handleRequest(null, Object(Config\Cache), false)
11 FCPATH/index.php(79): CodeIgniter\CodeIgniter->run()
12 SYSTEMPATH/Commands/Server/rewrite.php(47): require_once('/Applications/XAMPP/xamppfiles/htdocs/ci_project/code_ignet/public/index.php')
CRITICAL - 2023-12-04 11:13:21 --> Invalid file: "includes/.php"
in SYSTEMPATH/Exceptions/FrameworkException.php on line 39.
 1 SYSTEMPATH/View/View.php(216): CodeIgniter\Exceptions\FrameworkException::forInvalidFile('includes/.php')
 2 SYSTEMPATH/View/View.php(469): CodeIgniter\View\View->render('includes/', null, true)
 3 APPPATH/Views/welcome_message.php(376): CodeIgniter\View\View->include('includes/')
 4 SYSTEMPATH/View/View.php(228): include('/Applications/XAMPP/xamppfiles/htdocs/ci_project/code_ignet/app/Views/welcome_message.php')
 5 SYSTEMPATH/View/View.php(231): CodeIgniter\View\View->CodeIgniter\View\{closure}()
 6 SYSTEMPATH/Common.php(1190): CodeIgniter\View\View->render('welcome_message', [], true)
 7 APPPATH/Controllers/Home.php(9): view('welcome_message')
 8 SYSTEMPATH/CodeIgniter.php(942): App\Controllers\Home->index()
 9 SYSTEMPATH/CodeIgniter.php(502): CodeIgniter\CodeIgniter->runController(Object(App\Controllers\Home))
10 SYSTEMPATH/CodeIgniter.php(361): CodeIgniter\CodeIgniter->handleRequest(null, Object(Config\Cache), false)
11 FCPATH/index.php(79): CodeIgniter\CodeIgniter->run()
12 SYSTEMPATH/Commands/Server/rewrite.php(47): require_once('/Applications/XAMPP/xamppfiles/htdocs/ci_project/code_ignet/public/index.php')
